[10:55:01] [ServerMain/INFO]: Environment: Environment[sessionHost=https://sessionserver.mojang.com, servicesHost=https://api.minecraftservices.com, name=PROD]
[10:55:02] [ServerMain/INFO]: Loaded 1370 recipes
[10:55:02] [ServerMain/INFO]: Loaded 1481 advancements
[10:55:02] [Server thread/INFO]: Starting minecraft server version 1.21.4
[10:55:02] [Server thread/INFO]: Loading properties
[10:55:02] [Server thread/INFO]: Default game type: SURVIVAL
[10:55:02] [Server thread/INFO]: Generating keypair
[10:55:02] [Server thread/INFO]: Starting Minecraft server on *:25565
[10:55:02] [Server thread/INFO]: Using default channel type
[10:55:02] [Server thread/INFO]: Preparing level "world"
[10:55:02] [Server thread/INFO]: Preparing start region for dimension minecraft:overworld
[10:55:03] [Worker-Main-2/INFO]: Preparing spawn area: 0%
[10:55:03] [Worker-Main-2/INFO]: Preparing spawn area: 0%
[10:55:03] [Worker-Main-2/INFO]: Preparing spawn area: 0%
[10:55:03] [Server thread/INFO]: Time elapsed: 1058 ms
[10:55:03] [Server thread/INFO]: Done (1.180s)! For help, type "help"
[10:55:08] [User Authenticator #1/INFO]: UUID of player n0rth1e is 90c12981-83c0-45a8-ab1a-6f318ac73c6d
[10:55:08] [Server thread/INFO]: n0rth1e[/127.0.0.1:61027] logged in with entity id 37 at (245.76212399716255, 72.0, 33.813106065627444)
[10:55:08] [Server thread/INFO]: n0rth1e joined the game
[10:58:07] [Server thread/INFO]: n0rth1e lost connection: Disconnected
[10:58:07] [Server thread/INFO]: n0rth1e left the game
[10:58:13] [Server thread/INFO]: Saving the game (this may take a moment!)
[10:58:13] [Server thread/INFO]: Saved the game
[10:58:15] [Server thread/INFO]: Stopping the server
[10:58:15] [Server thread/INFO]: Stopping server
[10:58:15] [Server thread/INFO]: Saving players
[10:58:15] [Server thread/INFO]: Saving worlds
[10:58:15] [Server thread/INFO]: Saving chunks for level 'ServerLevel[world]'/minecraft:overworld
[10:58:15] [Server thread/INFO]: Saving chunks for level 'ServerLevel[world]'/minecraft:the_nether
[10:58:15] [Server thread/INFO]: Saving chunks for level 'ServerLevel[world]'/minecraft:the_end
[10:58:15] [Server thread/INFO]: ThreadedAnvilChunkStorage (world): All chunks are saved
[10:58:15] [Server thread/INFO]: ThreadedAnvilChunkStorage (DIM-1): All chunks are saved
[10:58:15] [Server thread/INFO]: ThreadedAnvilChunkStorage (DIM1): All chunks are saved
[10:58:15] [Server thread/INFO]: ThreadedAnvilChunkStorage: All dimensions are saved
